<?xml version="1.0" encoding="UTF-8"?>
<!-- Generated by org.testng.reporters.JUnitReportReporter -->
<testsuite hostname="nagesh" failures="0" tests="1" name="SumValidation" time="1.073" errors="0" timestamp="2024-02-06T14:06:16 IST" skipped="0">
  <testcase classname="SumValidation" name="sumOfCourses" time="1.073"/>
</testsuite> <!-- SumValidation -->
