<?xml version="1.0" encoding="UTF-8"?>
<!-- Generated by org.testng.reporters.JUnitReportReporter -->
<testsuite hostname="nagesh" failures="0" tests="3" name="files.DynamicJson" time="2.444" errors="0" timestamp="2024-02-06T15:17:41 IST" skipped="0">
  <testcase classname="files.DynamicJson" name="addBook" time="0.104"/>
  <testcase classname="files.DynamicJson" name="addBook" time="0.141"/>
  <testcase classname="files.DynamicJson" name="addBook" time="2.199"/>
</testsuite> <!-- files.DynamicJson -->
